<?xml version="1.0" encoding="UTF-8" ?>
<testsuite tests="3" failures="0" name="com.emailage.javawrapper.test.UnitTest" time="0.022" errors="0" skipped="0">
  <properties>
[...]
</properties>
  <testcase classname="com.emailage.javawrapper.test.UnitTest" name="testIpValidation" time="0.008"/>
  <testcase classname="com.emailage.javawrapper.test.UnitTest" name="testEmailValidation" time="0.005"/>
  <testcase classname="com.emailage.javawrapper.test.UnitTest" name="testExtraInputParameters" time="0.009"/>
</testsuite>